#
# There is insufficient memory for the Java Runtime Environment to continue.
# Native memory allocation (mmap) failed to map 257949696 bytes for G1 virtual space
# Possible reasons:
#   The system is out of physical RAM or swap space
#   The process is running with CompressedOops enabled, and the Java Heap may be blocking the growth of the native heap
# Possible solutions:
#   Reduce memory load on the system
#   Increase physical memory or swap space
#   Check if swap backing store is full
#   Decrease Java heap size (-Xmx/-Xms)
#   Decrease number of Java threads
#   Decrease Java thread stack sizes (-Xss)
#   Set larger code cache with -XX:ReservedCodeCacheSize=
#   JVM is running with Zero Based Compressed Oops mode in which the Java heap is
#     placed in the first 32GB address space. The Java Heap base address is the
#     maximum limit for the native heap growth. Please use -XX:HeapBaseMinAddress
#     to set the Java Heap base and to place the Java Heap above 32GB virtual address.
# This output file may be truncated or incomplete.
#
#  Out of Memory Error (os_windows.cpp:3600), pid=16784, tid=16876
#
# JRE version:  (21.0+35) (build )
# Java VM: Java HotSpot(TM) 64-Bit Server VM (21+35-LTS-2513, mixed mode, sharing, tiered, compressed oops, compressed class ptrs, g1 gc, windows-amd64)
# No core dump will be written. Minidumps are not enabled by default on client versions of Windows
#

---------------  S U M M A R Y ------------

Command Line: mypack.B

Host: AMD Ryzen 7 6800H with Radeon Graphics         , 16 cores, 15G,  Windows 11 , 64 bit Build 22621 (10.0.22621.2506)
Time: Mon Dec 11 19:49:34 2023 India Standard Time elapsed time: 0.008633 seconds (0d 0h 0m 0s)

---------------  T H R E A D  ---------------

Current thread (0x000002339604cf70):  JavaThread "Unknown thread" [_thread_in_vm, id=16876, stack(0x0000006cb6c00000,0x0000006cb6d00000) (1024K)]

Stack: [0x0000006cb6c00000,0x0000006cb6d00000]
Native frames: (J=compiled Java code, j=interpreted, Vv=VM code, C=native code)
V  [jvm.dll+0x6c8d39]
V  [jvm.dll+0x854091]
V  [jvm.dll+0x85630e]
V  [jvm.dll+0x8569e3]
V  [jvm.dll+0x2809a6]
V  [jvm.dll+0x6c5425]
V  [jvm.dll+0x6b9e1a]
V  [jvm.dll+0x3555ba]
V  [jvm.dll+0x35d206]
V  [jvm.dll+0x3adf6e]
V  [jvm.dll+0x3ae218]
V  [jvm.dll+0x328fcc]
V  [jvm.dll+0x329b5b]
V  [jvm.dll+0x81c699]
V  [jvm.dll+0x3bb2a1]
V  [jvm.dll+0x805688]
V  [jvm.dll+0x44ed9e]
V  [jvm.dll+0x4506a1]
C  [jli.dll+0x52a3]
C  [ucrtbase.dll+0x29363]
C  [KERNEL32.DLL+0x1257d]
C  [ntdll.dll+0x5aa58]


---------------  P R O C E S S  ---------------

Threads class SMR info:
_java_thread_list=0x00007fffa42e7b48, length=0, elements={
}

Java Threads: ( => current thread )
Total: 0

Other Threads:
  0x000002339602c490 WorkerThread "GC Thread#0"                     [id=17256, stack(0x0000006cb6d00000,0x0000006cb6e00000) (1024K)]
  0x0000023398336190 ConcurrentGCThread "G1 Main Marker"            [id=15696, stack(0x0000006cb6e00000,0x0000006cb6f00000) (1024K)]
  0x000002339602c830 WorkerThread "G1 Conc#0"                       [id=15920, stack(0x0000006cb6f00000,0x0000006cb7000000) (1024K)]

[error occurred during error reporting (printing all threads), id 0xc0000005, EXCEPTION_ACCESS_VIOLATION (0xc0000005) at pc=0x00007fffa3a5c097]
VM state: not at safepoint (not fully initialized)

VM Mutex/Monitor currently owned by a thread:  ([mutex/lock_event])
[0x00007fffa4358648] Heap_lock - owner thread: 0x000002339604cf70

Heap address: 0x000000070bc00000, size: 3908 MB, Compressed Oops mode: Zero based, Oop shift amount: 3

CDS archive(s) mapped at: [0x0000000000000000-0x0000000000000000-0x0000000000000000), size 0, SharedBaseAddress: 0x0000000800000000, ArchiveRelocationMode: 1.
Narrow klass base: 0x0000000000000000, Narrow klass shift: 0, Narrow klass range: 0x0

GC Precious Log:
 CardTable entry size: 512
 Card Set container configuration: InlinePtr #cards 4 size 8 Array Of Cards #cards 16 size 48 Howl #buckets 8 coarsen threshold 3686 Howl Bitmap #cards 512 size 80 coarsen threshold 460 Card regions per heap region 1 cards per card region 4096

Heap:
 garbage-first heap   total 0K, used 0K [0x000000070bc00000, 0x0000000800000000)
  region size 2048K, 0 young (0K), 0 survivors (0K)

[error occurred during error reporting (printing heap information), id 0xc0000005, EXCEPTION_ACCESS_VIOLATION (0xc0000005) at pc=0x00007fffa3e41939]
GC Heap History (0 events):
No events

Dll operation events (1 events):
Event: 0.005 Loaded shared library C:\Program Files\Java\jdk-21\bin\java.dll

Deoptimization events (0 events):
No events

Classes loaded (0 events):
No events

Classes unloaded (0 events):
No events

Classes redefined (0 events):
No events

Internal exceptions (0 events):
No events

ZGC Phase Switch (0 events):
No events

VM Operations (0 events):
No events

Events (0 events):
No events


Dynamic libraries:
0x00007ff7b13b0000 - 0x00007ff7b13c0000 	C:\Program Files\Java\jdk-21\bin\java.exe
0x00007fffe56f0000 - 0x00007fffe5907000 	C:\WINDOWS\SYSTEM32\ntdll.dll
0x00007fffe4ea0000 - 0x00007fffe4f64000 	C:\WINDOWS\System32\KERNEL32.DLL
0x00007fffe2cd0000 - 0x00007fffe3076000 	C:\WINDOWS\System32\KERNELBASE.dll
0x00007fffe2b80000 - 0x00007fffe2c91000 	C:\WINDOWS\System32\ucrtbase.dll
0x00007fffddc60000 - 0x00007fffddc79000 	C:\Program Files\Java\jdk-21\bin\jli.dll
0x00007fffdd750000 - 0x00007fffdd76b000 	C:\Program Files\Java\jdk-21\bin\VCRUNTIME140.dll
0x00007fffe5530000 - 0x00007fffe55e1000 	C:\WINDOWS\System32\ADVAPI32.dll
0x00007fffe4df0000 - 0x00007fffe4e97000 	C:\WINDOWS\System32\msvcrt.dll
0x00007fffe5250000 - 0x00007fffe52f5000 	C:\WINDOWS\System32\sechost.dll
0x00007fffe4cd0000 - 0x00007fffe4de7000 	C:\WINDOWS\System32\RPCRT4.dll
0x00007fffe5370000 - 0x00007fffe551e000 	C:\WINDOWS\System32\USER32.dll
0x00007fffce350000 - 0x00007fffce5e3000 	C:\WINDOWS\WinSxS\amd64_microsoft.windows.common-controls_6595b64144ccf1df_6.0.22621.2506_none_270c5ae97388e100\COMCTL32.dll
0x00007fffe2ca0000 - 0x00007fffe2cc6000 	C:\WINDOWS\System32\win32u.dll
0x00007fffe5670000 - 0x00007fffe5699000 	C:\WINDOWS\System32\GDI32.dll
0x00007fffe31f0000 - 0x00007fffe3308000 	C:\WINDOWS\System32\gdi32full.dll
0x00007fffe2ae0000 - 0x00007fffe2b7a000 	C:\WINDOWS\System32\msvcp_win.dll
0x00007fffdaf40000 - 0x00007fffdaf4a000 	C:\WINDOWS\SYSTEM32\VERSION.dll
0x00007fffe55f0000 - 0x00007fffe5621000 	C:\WINDOWS\System32\IMM32.DLL
0x00007fffdf910000 - 0x00007fffdf91c000 	C:\Program Files\Java\jdk-21\bin\vcruntime140_1.dll
0x00007fffd7740000 - 0x00007fffd77ce000 	C:\Program Files\Java\jdk-21\bin\msvcp140.dll
0x00007fffa3720000 - 0x00007fffa4433000 	C:\Program Files\Java\jdk-21\bin\server\jvm.dll
0x00007fffe51d0000 - 0x00007fffe5241000 	C:\WINDOWS\System32\WS2_32.dll
0x00007fffe1880000 - 0x00007fffe18cd000 	C:\WINDOWS\SYSTEM32\POWRPROF.dll
0x00007fffd8e00000 - 0x00007fffd8e34000 	C:\WINDOWS\SYSTEM32\WINMM.dll
0x00007fffe1860000 - 0x00007fffe1873000 	C:\WINDOWS\SYSTEM32\UMPDC.dll
0x00007fffe1b20000 - 0x00007fffe1b38000 	C:\WINDOWS\SYSTEM32\kernel.appcore.dll
0x00007fffdd6f0000 - 0x00007fffdd6fa000 	C:\Program Files\Java\jdk-21\bin\jimage.dll
0x00007fffdfec0000 - 0x00007fffe00f3000 	C:\WINDOWS\SYSTEM32\DBGHELP.DLL
0x00007fffe4370000 - 0x00007fffe46f9000 	C:\WINDOWS\System32\combase.dll
0x00007fffe35d0000 - 0x00007fffe36a7000 	C:\WINDOWS\System32\OLEAUT32.dll
0x00007fffd9c90000 - 0x00007fffd9cc2000 	C:\WINDOWS\SYSTEM32\dbgcore.DLL
0x00007fffe2a60000 - 0x00007fffe2ada000 	C:\WINDOWS\System32\bcryptPrimitives.dll
0x00007fffdd6d0000 - 0x00007fffdd6ef000 	C:\Program Files\Java\jdk-21\bin\java.dll

dbghelp: loaded successfully - version: 4.0.5 - missing functions: none
symbol engine: initialized successfully - sym options: 0x614 - pdb path: .;C:\Program Files\Java\jdk-21\bin;C:\WINDOWS\SYSTEM32;C:\WINDOWS\WinSxS\amd64_microsoft.windows.common-controls_6595b64144ccf1df_6.0.22621.2506_none_270c5ae97388e100;C:\Program Files\Java\jdk-21\bin\server

VM Arguments:
java_command: mypack.B
java_class_path (initial): .
Launcher Type: SUN_STANDARD

[Global flags]
     intx CICompilerCount                          = 12                                        {product} {ergonomic}
     uint ConcGCThreads                            = 3                                         {product} {ergonomic}
     uint G1ConcRefinementThreads                  = 13                                        {product} {ergonomic}
   size_t G1HeapRegionSize                         = 2097152                                   {product} {ergonomic}
    uintx GCDrainStackTargetSize                   = 64                                        {product} {ergonomic}
   size_t InitialHeapSize                          = 257949696                                 {product} {ergonomic}
   size_t MarkStackSize                            = 4194304                                   {product} {ergonomic}
   size_t MaxHeapSize                              = 4097835008                                {product} {ergonomic}
   size_t MinHeapDeltaBytes                        = 2097152                                   {product} {ergonomic}
   size_t MinHeapSize                              = 8388608                                   {product} {ergonomic}
    uintx NonNMethodCodeHeapSize                   = 7602480                                {pd product} {ergonomic}
    uintx NonProfiledCodeHeapSize                  = 122027880                              {pd product} {ergonomic}
    uintx ProfiledCodeHeapSize                     = 122027880                              {pd product} {ergonomic}
    uintx ReservedCodeCacheSize                    = 251658240                              {pd product} {ergonomic}
     bool SegmentedCodeCache                       = true                                      {product} {ergonomic}
   size_t SoftMaxHeapSize                          = 4097835008                             {manageable} {ergonomic}
     bool UseCompressedOops                        = true                           {product lp64_product} {ergonomic}
     bool UseG1GC                                  = true                                      {product} {ergonomic}
     bool UseLargePagesIndividualAllocation        = false                                  {pd product} {ergonomic}

Logging:
Log output configuration:
 #0: stdout all=warning uptime,level,tags foldmultilines=false
 #1: stderr all=off uptime,level,tags foldmultilines=false

Environment Variables:
PATH=C:\Program Files\Java\jdk-21\bin;C:\ProgramData\Oracle\Java\javapath;C:\Windows\system32;C:\Windows;C:\Windows\System32\Wbem;C:\Windows\System32\WindowsPowerShell\v1.0\;C:\Windows\System32\OpenSSH\;C:\Program Files (x86)\NVIDIA Corporation\PhysX\Common;C:\Program Files\NVIDIA Corporation\NVIDIA NvDLISR;C:\Program Files\dotnet\;C:\MinGW\bin;C:\WINDOWS\system32;C:\WINDOWS;C:\WINDOWS\System32\Wbem;C:\WINDOWS\System32\WindowsPowerShell\v1.0\;C:\WINDOWS\System32\OpenSSH\;C:\Program Files\Java\jdk-21\bin;C:\Users\ADVEITH\AppData\Local\Microsoft\WindowsApps;C:\MinGW\bin;C:\Users\ADVEITH\AppData\Local\Programs\Microsoft VS Code\bin;
USERNAME=ADVEITH
LANG=en_US.UTF-8
OS=Windows_NT
PROCESSOR_IDENTIFIER=AMD64 Family 25 Model 68 Stepping 1, AuthenticAMD
TMP=C:\Users\ADVEITH\AppData\Local\Temp
TEMP=C:\Users\ADVEITH\AppData\Local\Temp




---------------  S Y S T E M  ---------------

OS:
 Windows 11 , 64 bit Build 22621 (10.0.22621.2506)
OS uptime: 0 days 0:26 hours
Hyper-V role detected

CPU: total 16 (initial active 16) (16 cores per cpu, 2 threads per core) family 25 model 68 stepping 1 microcode 0x0, cx8, cmov, fxsr, ht, mmx, 3dnowpref, sse, sse2, sse3, ssse3, sse4a, sse4.1, sse4.2, popcnt, lzcnt, tsc, tscinvbit, avx, avx2, aes, erms, clmul, bmi1, bmi2, adx, sha, fma, vzeroupper, clflush, clflushopt, hv, rdtscp, rdpid, fsrm, f16c, cet_ss
Processor Information for all 16 processors :
  Max Mhz: 3201, Current Mhz: 3201, Mhz Limit: 3201

Memory: 4k page, system-wide physical 15628M (4734M free)
TotalPageFile size 15628M (AvailPageFile size 173M)
current process WorkingSet (physical memory assigned to process): 11M, peak: 11M
current process commit charge ("private bytes"): 70M, peak: 316M

vm_info: Java HotSpot(TM) 64-Bit Server VM (21+35-LTS-2513) for windows-amd64 JRE (21+35-LTS-2513), built on 2023-08-09T20:25:10Z by "mach5one" with MS VC++ 17.1 (VS2022)

END.
