#
# There is insufficient memory for the Java Runtime Environment to continue.
# Native memory allocation (malloc) failed to allocate 573600 bytes for Chunk::new
# Possible reasons:
#   The system is out of physical RAM or swap space
#   The process is running with CompressedOops enabled, and the Java Heap may be blocking the growth of the native heap
# Possible solutions:
#   Reduce memory load on the system
#   Increase physical memory or swap space
#   Check if swap backing store is full
#   Decrease Java heap size (-Xmx/-Xms)
#   Decrease number of Java threads
#   Decrease Java thread stack sizes (-Xss)
#   Set larger code cache with -XX:ReservedCodeCacheSize=
#   JVM is running with Unscaled Compressed Oops mode in which the Java heap is
#     placed in the first 4GB address space. The Java Heap base address is the
#     maximum limit for the native heap growth. Please use -XX:HeapBaseMinAddress
#     to set the Java Heap base and to place the Java Heap above 4GB virtual address.
# This output file may be truncated or incomplete.
#
#  Out of Memory Error (arena.cpp:189), pid=15264, tid=16396
#
# JRE version: OpenJDK Runtime Environment Temurin-17.0.8.1+1 (17.0.8.1+1) (build 17.0.8.1+1)
# Java VM: OpenJDK 64-Bit Server VM Temurin-17.0.8.1+1 (17.0.8.1+1, mixed mode, tiered, compressed oops, compressed class ptrs, parallel gc, windows-amd64)
# No core dump will be written. Minidumps are not enabled by default on client versions of Windows
#

---------------  S U M M A R Y ------------

Command Line: --add-modules=ALL-SYSTEM --add-opens=java.base/java.util=ALL-UNNAMED --add-opens=java.base/java.lang=ALL-UNNAMED --add-opens=java.base/sun.nio.fs=ALL-UNNAMED -Declipse.application=org.eclipse.jdt.ls.core.id1 -Dosgi.bundles.defaultStartLevel=4 -Declipse.product=org.eclipse.jdt.ls.core.product -Djava.import.generatesMetadataFilesAtProjectRoot=false -DDetectVMInstallationsJob.disabled=true -Dfile.encoding=utf8 -XX:+UseParallelGC -XX:GCTimeRatio=4 -XX:AdaptiveSizePolicyWeight=90 -Dsun.zip.disableMemoryMapping=true -Xmx1G -Xms100m -Xlog:disable -javaagent:c:\Users\ADVEITH\.vscode\extensions\redhat.java-1.24.0-win32-x64\lombok\lombok-1.18.30.jar -XX:+HeapDumpOnOutOfMemoryError -XX:HeapDumpPath=c:\Users\ADVEITH\AppData\Roaming\Code\User\workspaceStorage\6dae5ad21af734e7ff3eb957abd9b25d\redhat.java -Daether.dependencyCollector.impl=bf c:\Users\ADVEITH\.vscode\extensions\redhat.java-1.24.0-win32-x64\server\plugins\org.eclipse.equinox.launcher_1.6.500.v20230717-2134.jar -configuration c:\Users\ADVEITH\AppData\Roaming\Code\User\globalStorage\redhat.java\1.24.0\config_win -data c:\Users\ADVEITH\AppData\Roaming\Code\User\workspaceStorage\6dae5ad21af734e7ff3eb957abd9b25d\redhat.java\jdt_ws --stdio

Host: AMD Ryzen 7 6800H with Radeon Graphics         , 16 cores, 15G,  Windows 11 , 64 bit Build 22621 (10.0.22621.2428)
Time: Sat Oct 28 18:55:21 2023 India Standard Time elapsed time: 3.248857 seconds (0d 0h 0m 3s)

---------------  T H R E A D  ---------------

Current thread (0x00000238b9e65720):  JavaThread "C2 CompilerThread1" daemon [_thread_in_native, id=16396, stack(0x00000047b4300000,0x00000047b4400000)]


Current CompileTask:
C2:   3248 5555       4       jdk.internal.module.SystemModuleFinders$SystemModuleReader::containsImageLocation (42 bytes)

Stack: [0x00000047b4300000,0x00000047b4400000]
Native frames: (J=compiled Java code, j=interpreted, Vv=VM code, C=native code)
V  [jvm.dll+0x678b0a]
V  [jvm.dll+0x835e84]
V  [jvm.dll+0x83762e]
V  [jvm.dll+0x837c93]
V  [jvm.dll+0x24746f]
V  [jvm.dll+0xac20c]
V  [jvm.dll+0xac7dc]
V  [jvm.dll+0x365ca7]
V  [jvm.dll+0x3301a1]
V  [jvm.dll+0x32f64a]
V  [jvm.dll+0x219bf1]
V  [jvm.dll+0x219011]
V  [jvm.dll+0x1a534d]
V  [jvm.dll+0x228d8a]
V  [jvm.dll+0x226dcc]
V  [jvm.dll+0x7ec09b]
V  [jvm.dll+0x7e64ca]
V  [jvm.dll+0x677955]
C  [ucrtbase.dll+0x29363]
C  [KERNEL32.DLL+0x1257d]
C  [ntdll.dll+0x5aa78]


---------------  P R O C E S S  ---------------

Threads class SMR info:
_java_thread_list=0x00000238bd918d30, length=38, elements={
0x00000238a0cba4f0, 0x00000238b4b22020, 0x00000238b4b242a0, 0x00000238b4b2cf00,
0x00000238b4b2e9e0, 0x00000238b9cd1640, 0x00000238b9cd0c20, 0x00000238b9ce3560,
0x00000238b9ce3f20, 0x00000238b9cd0200, 0x00000238b9cd1b50, 0x00000238b9e1ff20,
0x00000238b9e65720, 0x00000238bbd70490, 0x00000238bbd709b0, 0x00000238b9ccfcf0,
0x00000238bc055a20, 0x00000238bc055f40, 0x00000238bbf2e780, 0x00000238b9cd34a0,
0x00000238b9cd2570, 0x00000238b9cd2a80, 0x00000238b9cd0710, 0x00000238b9cd2f90,
0x00000238b9cd2060, 0x00000238bcd1c520, 0x00000238bcd16a00, 0x00000238bcd19280,
0x00000238bcd17930, 0x00000238bcd17e40, 0x00000238bcd18860, 0x00000238bcd15fe0,
0x00000238bec48990, 0x00000238bf27e030, 0x00000238bf5917b0, 0x00000238bcd1c010,
0x00000238bcd164f0, 0x00000238bcd1abd0
}

Java Threads: ( => current thread )
  0x00000238a0cba4f0 JavaThread "main" [_thread_blocked, id=5832, stack(0x00000047b3500000,0x00000047b3600000)]
  0x00000238b4b22020 JavaThread "Reference Handler" daemon [_thread_blocked, id=5424, stack(0x00000047b3800000,0x00000047b3900000)]
  0x00000238b4b242a0 JavaThread "Finalizer" daemon [_thread_blocked, id=1492, stack(0x00000047b3900000,0x00000047b3a00000)]
  0x00000238b4b2cf00 JavaThread "Signal Dispatcher" daemon [_thread_blocked, id=14604, stack(0x00000047b3a00000,0x00000047b3b00000)]
  0x00000238b4b2e9e0 JavaThread "Attach Listener" daemon [_thread_blocked, id=20780, stack(0x00000047b3b00000,0x00000047b3c00000)]
  0x00000238b9cd1640 JavaThread "Service Thread" daemon [_thread_blocked, id=8664, stack(0x00000047b3c00000,0x00000047b3d00000)]
  0x00000238b9cd0c20 JavaThread "Monitor Deflation Thread" daemon [_thread_blocked, id=14540, stack(0x00000047b3d00000,0x00000047b3e00000)]
  0x00000238b9ce3560 JavaThread "C2 CompilerThread0" daemon [_thread_in_native, id=4728, stack(0x00000047b3e00000,0x00000047b3f00000)]
  0x00000238b9ce3f20 JavaThread "C1 CompilerThread0" daemon [_thread_blocked, id=10196, stack(0x00000047b3f00000,0x00000047b4000000)]
  0x00000238b9cd0200 JavaThread "Sweeper thread" daemon [_thread_blocked, id=10560, stack(0x00000047b4000000,0x00000047b4100000)]
  0x00000238b9cd1b50 JavaThread "Common-Cleaner" daemon [_thread_blocked, id=6936, stack(0x00000047b4100000,0x00000047b4200000)]
  0x00000238b9e1ff20 JavaThread "C1 CompilerThread1" daemon [_thread_blocked, id=10164, stack(0x00000047b4200000,0x00000047b4300000)]
=>0x00000238b9e65720 JavaThread "C2 CompilerThread1" daemon [_thread_in_native, id=16396, stack(0x00000047b4300000,0x00000047b4400000)]
  0x00000238bbd70490 JavaThread "C1 CompilerThread2" daemon [_thread_blocked, id=14936, stack(0x00000047b4400000,0x00000047b4500000)]
  0x00000238bbd709b0 JavaThread "C1 CompilerThread3" daemon [_thread_in_native, id=13448, stack(0x00000047b4500000,0x00000047b4600000)]
  0x00000238b9ccfcf0 JavaThread "Notification Thread" daemon [_thread_blocked, id=16796, stack(0x00000047b4600000,0x00000047b4700000)]
  0x00000238bc055a20 JavaThread "C2 CompilerThread2" daemon [_thread_in_native, id=7016, stack(0x00000047b4800000,0x00000047b4900000)]
  0x00000238bc055f40 JavaThread "C2 CompilerThread3" daemon [_thread_in_native, id=17824, stack(0x00000047b4900000,0x00000047b4a00000)]
  0x00000238bbf2e780 JavaThread "C2 CompilerThread4" daemon [_thread_in_native, id=11268, stack(0x00000047b4a00000,0x00000047b4b00000)]
  0x00000238b9cd34a0 JavaThread "Active Thread: Equinox Container: f51064cb-50a9-41db-b910-c1a16d46ac1c" [_thread_blocked, id=21740, stack(0x00000047b5000000,0x00000047b5100000)]
  0x00000238b9cd2570 JavaThread "Framework Event Dispatcher: Equinox Container: f51064cb-50a9-41db-b910-c1a16d46ac1c" daemon [_thread_blocked, id=4808, stack(0x00000047b5100000,0x00000047b5200000)]
  0x00000238b9cd2a80 JavaThread "Start Level: Equinox Container: f51064cb-50a9-41db-b910-c1a16d46ac1c" daemon [_thread_blocked, id=10900, stack(0x00000047b5200000,0x00000047b5300000)]
  0x00000238b9cd0710 JavaThread "Bundle File Closer" daemon [_thread_blocked, id=5952, stack(0x00000047b5500000,0x00000047b5600000)]
  0x00000238b9cd2f90 JavaThread "SCR Component Actor" daemon [_thread_blocked, id=2964, stack(0x00000047b5600000,0x00000047b5700000)]
  0x00000238b9cd2060 JavaThread "SCR Component Registry" daemon [_thread_blocked, id=2916, stack(0x00000047b5900000,0x00000047b5a00000)]
  0x00000238bcd1c520 JavaThread "Worker-JM" [_thread_blocked, id=3480, stack(0x00000047b5b00000,0x00000047b5c00000)]
  0x00000238bcd16a00 JavaThread "Worker-0: Building" [_thread_in_vm, id=10872, stack(0x00000047b5d00000,0x00000047b5e00000)]
  0x00000238bcd19280 JavaThread "Worker-1: Updating Maven Dependencies" [_thread_blocked, id=14724, stack(0x00000047b5e00000,0x00000047b5f00000)]
  0x00000238bcd17930 JavaThread "Worker-2: Repository registry initialization" [_thread_in_vm, id=19444, stack(0x00000047b6000000,0x00000047b6100000)]
  0x00000238bcd17e40 JavaThread "Java indexing" daemon [_thread_blocked, id=2924, stack(0x00000047b6100000,0x00000047b6200000)]
  0x00000238bcd18860 JavaThread "JNA Cleaner" daemon [_thread_blocked, id=6740, stack(0x00000047b6200000,0x00000047b6300000)]
  0x00000238bcd15fe0 JavaThread "pool-2-thread-1" [_thread_blocked, id=12652, stack(0x00000047b6300000,0x00000047b6400000)]
  0x00000238bec48990 JavaThread "C2 CompilerThread5" daemon [_thread_in_native, id=23016, stack(0x00000047b6400000,0x00000047b6500000)]
  0x00000238bf27e030 JavaThread "C2 CompilerThread6" daemon [_thread_in_native, id=14792, stack(0x00000047b6500000,0x00000047b6600000)]
  0x00000238bf5917b0 JavaThread "C2 CompilerThread7" daemon [_thread_in_native, id=16368, stack(0x00000047b6600000,0x00000047b6700000)]
  0x00000238bcd1c010 JavaThread "WorkspaceEventsHandler" [_thread_blocked, id=15508, stack(0x00000047b6700000,0x00000047b6800000)]
  0x00000238bcd164f0 JavaThread "pool-1-thread-1" [_thread_blocked, id=7252, stack(0x00000047b6800000,0x00000047b6900000)]
  0x00000238bcd1abd0 JavaThread "Worker-3" [_thread_blocked, id=18876, stack(0x00000047b6900000,0x00000047b6a00000)]

Other Threads:
  0x00000238a0d6ea60 VMThread "VM Thread" [stack: 0x00000047b3700000,0x00000047b3800000] [id=12124]
  0x00000238bbe3e610 WatcherThread [stack: 0x00000047b4700000,0x00000047b4800000] [id=18316]
  0x00000238a0ccf060 GCTaskThread "GC Thread#0" [stack: 0x00000047b3600000,0x00000047b3700000] [id=3376]
  0x00000238bc8d9b60 GCTaskThread "GC Thread#1" [stack: 0x00000047b4b00000,0x00000047b4c00000] [id=1488]
  0x00000238bc569d10 GCTaskThread "GC Thread#2" [stack: 0x00000047b4c00000,0x00000047b4d00000] [id=21908]
  0x00000238bc52a900 GCTaskThread "GC Thread#3" [stack: 0x00000047b4d00000,0x00000047b4e00000] [id=14648]
  0x00000238bc52abc0 GCTaskThread "GC Thread#4" [stack: 0x00000047b4e00000,0x00000047b4f00000] [id=20456]
  0x00000238bc52ae80 GCTaskThread "GC Thread#5" [stack: 0x00000047b4f00000,0x00000047b5000000] [id=8412]
  0x00000238bc7bdc50 GCTaskThread "GC Thread#6" [stack: 0x00000047b5300000,0x00000047b5400000] [id=2432]
  0x00000238bbf7b450 GCTaskThread "GC Thread#7" [stack: 0x00000047b5400000,0x00000047b5500000] [id=10060]
  0x00000238bcdce690 GCTaskThread "GC Thread#8" [stack: 0x00000047b5700000,0x00000047b5800000] [id=20056]
  0x00000238bd363920 GCTaskThread "GC Thread#9" [stack: 0x00000047b5800000,0x00000047b5900000] [id=4600]
  0x00000238bd1f1670 GCTaskThread "GC Thread#10" [stack: 0x00000047b5a00000,0x00000047b5b00000] [id=12160]
  0x00000238bcd4d2a0 GCTaskThread "GC Thread#11" [stack: 0x00000047b5c00000,0x00000047b5d00000] [id=19888]
  0x00000238bcb8b550 GCTaskThread "GC Thread#12" [stack: 0x00000047b5f00000,0x00000047b6000000] [id=12676]

Threads with active compile tasks:
C2 CompilerThread0     3271 5571       4       org.eclipse.sisu.space.asm.ClassReader::readUTF (193 bytes)
C2 CompilerThread1     3271 5555       4       jdk.internal.module.SystemModuleFinders$SystemModuleReader::containsImageLocation (42 bytes)
C2 CompilerThread2     3271 5556       4       jdk.internal.module.SystemModuleFinders$SystemModuleReader::find (59 bytes)
C2 CompilerThread3     3271 5056   !   4       org.eclipse.osgi.internal.loader.classpath.ClasspathManager::findLocalClass (210 bytes)
C2 CompilerThread4     3271 5235   !   4       org.eclipse.osgi.internal.loader.classpath.ClasspathManager::defineClass (636 bytes)
C2 CompilerThread5     3271 5554       4       jdk.internal.jimage.BasicImageReader::verifyLocation (39 bytes)
C2 CompilerThread6     3272 5566 %     4       lombok.launch.PackageShader::apply @ 154 (252 bytes)
C2 CompilerThread7     3272 5094   !   4       org.eclipse.osgi.internal.loader.BundleLoader::findClass0 (466 bytes)

VM state: not at safepoint (normal execution)

VM Mutex/Monitor currently owned by a thread: None

Heap address: 0x00000000c0000000, size: 1024 MB, Compressed Oops mode: 32-bit

CDS archive(s) not mapped
Compressed class space mapped at: 0x0000000100000000-0x0000000140000000, reserved size: 1073741824
Narrow klass base: 0x0000000000000000, Narrow klass shift: 3, Narrow klass range: 0x140000000

GC Precious Log:
 CPUs: 16 total, 16 available
 Memory: 15628M
 Large Page Support: Disabled
 NUMA Support: Disabled
 Compressed Oops: Enabled (32-bit)
 Alignments: Space 512K, Generation 512K, Heap 2M
 Heap Min Capacity: 100M
 Heap Initial Capacity: 100M
 Heap Max Capacity: 1G
 Pre-touch: Disabled
 Parallel Workers: 13

Heap:
 PSYoungGen      total 23040K, used 19398K [0x00000000eab00000, 0x00000000ec300000, 0x0000000100000000)
  eden space 22016K, 85% used [0x00000000eab00000,0x00000000ebd51950,0x00000000ec080000)
  from space 1024K, 62% used [0x00000000ec200000,0x00000000ec2a0000,0x00000000ec300000)
  to   space 1024K, 0% used [0x00000000ec100000,0x00000000ec100000,0x00000000ec200000)
 ParOldGen       total 68608K, used 27502K [0x00000000c0000000, 0x00000000c4300000, 0x00000000eab00000)
  object space 68608K, 40% used [0x00000000c0000000,0x00000000c1adb938,0x00000000c4300000)
 Metaspace       used 47955K, committed 48896K, reserved 1114112K
  class space    used 4989K, committed 5376K, reserved 1048576K

Card table byte_map: [0x00000238a0680000,0x00000238a0890000] _byte_map_base: 0x00000238a0080000

Marking Bits: (ParMarkBitMap*) 0x00007ffca76d83a0
 Begin Bits: [0x00000238b2930000, 0x00000238b3930000)
 End Bits:   [0x00000238b3930000, 0x00000238b4930000)

Polling page: 0x00000238a0470000

Metaspace:

Usage:
  Non-class:     41.96 MB used.
      Class:      4.87 MB used.
       Both:     46.83 MB used.

Virtual space:
  Non-class space:       64.00 MB reserved,      42.50 MB ( 66%) committed,  1 nodes.
      Class space:        1.00 GB reserved,       5.25 MB ( <1%) committed,  1 nodes.
             Both:        1.06 GB reserved,      47.75 MB (  4%) committed. 

Chunk freelists:
   Non-Class:  5.09 MB
       Class:  10.69 MB
        Both:  15.78 MB

MaxMetaspaceSize: unlimited
CompressedClassSpaceSize: 1.00 GB
Initial GC threshold: 21.00 MB
Current GC threshold: 58.38 MB
CDS: off
MetaspaceReclaimPolicy: balanced
 - commit_granule_bytes: 65536.
 - commit_granule_words: 8192.
 - virtual_space_node_default_size: 8388608.
 - enlarge_chunks_in_place: 1.
 - new_chunks_are_fully_committed: 0.
 - uncommit_free_chunks: 1.
 - use_allocation_guard: 0.
 - handle_deallocations: 1.


Internal statistics:

num_allocs_failed_limit: 6.
num_arena_births: 448.
num_arena_deaths: 14.
num_vsnodes_births: 2.
num_vsnodes_deaths: 0.
num_space_committed: 764.
num_space_uncommitted: 0.
num_chunks_returned_to_freelist: 20.
num_chunks_taken_from_freelist: 2188.
num_chunk_merges: 10.
num_chunk_splits: 1365.
num_chunks_enlarged: 819.
num_inconsistent_stats: 0.

CodeHeap 'non-profiled nmethods': size=119168Kb used=2731Kb max_used=2861Kb free=116436Kb
 bounds [0x00000238ab4d0000, 0x00000238ab7d0000, 0x00000238b2930000]
CodeHeap 'profiled nmethods': size=119104Kb used=9966Kb max_used=11364Kb free=109137Kb
 bounds [0x00000238a3930000, 0x00000238a4460000, 0x00000238aad80000]
CodeHeap 'non-nmethods': size=7488Kb used=2983Kb max_used=3040Kb free=4504Kb
 bounds [0x00000238aad80000, 0x00000238ab090000, 0x00000238ab4d0000]
 total_blobs=5391 nmethods=4765 adapters=536
 compilation: enabled
              stopped_count=0, restarted_count=0
 full_count=0

Compilation events (20 events):
Event: 3.230 Thread 0x00000238bbd709b0 nmethod 5600 0x00000238a3afab90 code [0x00000238a3afade0, 0x00000238a3afb7a8]
Event: 3.231 Thread 0x00000238b9ce3f20 5602       3       com.google.inject.spi.Elements$RecordingBinder::bind (23 bytes)
Event: 3.231 Thread 0x00000238b9e1ff20 5603       3       com.google.inject.internal.MoreTypes::canonicalizeKey (20 bytes)
Event: 3.231 Thread 0x00000238bbd709b0 5605       3       com.google.inject.internal.AbstractBindingBuilder::<init> (56 bytes)
Event: 3.231 Thread 0x00000238bbd70490 5604       3       com.google.inject.internal.BindingBuilder::<init> (10 bytes)
Event: 3.231 Thread 0x00000238bbd70490 nmethod 5604 0x00000238a3bfd310 code [0x00000238a3bfd4a0, 0x00000238a3bfd5e8]
Event: 3.231 Thread 0x00000238bc055a20 nmethod 5370 0x00000238ab7b7110 code [0x00000238ab7b7760, 0x00000238ab7bb6b8]
Event: 3.232 Thread 0x00000238bbd709b0 nmethod 5605 0x00000238a3b00710 code [0x00000238a3b008e0, 0x00000238a3b00e18]
Event: 3.232 Thread 0x00000238b9e1ff20 nmethod 5603 0x00000238a3dcb310 code [0x00000238a3dcb500, 0x00000238a3dcba18]
Event: 3.232 Thread 0x00000238b9ce3f20 nmethod 5602 0x00000238a3fcaa90 code [0x00000238a3fcaca0, 0x00000238a3fcb338]
Event: 3.232 Thread 0x00000238bbd709b0 5606       3       org.eclipse.sisu.space.asm.ClassReader::readClass (16 bytes)
Event: 3.233 Thread 0x00000238bbd709b0 nmethod 5606 0x00000238a3c32910 code [0x00000238a3c32ac0, 0x00000238a3c32c78]
Event: 3.235 Thread 0x00000238bc055a20 5556       4       jdk.internal.module.SystemModuleFinders$SystemModuleReader::find (59 bytes)
Event: 3.240 Thread 0x00000238bbd709b0 5607   !   3       java.util.regex.Pattern::RemoveQEQuoting (370 bytes)
Event: 3.242 Thread 0x00000238bbd709b0 nmethod 5607 0x00000238a42ba210 code [0x00000238a42ba4e0, 0x00000238a42bb668]
Event: 3.243 Thread 0x00000238bbd70490 5608       3       sun.reflect.annotation.AnnotationParser::parseAnnotations2 (135 bytes)
Event: 3.244 Thread 0x00000238bbd70490 nmethod 5608 0x00000238a4270b10 code [0x00000238a4270e60, 0x00000238a4271ff8]
Event: 3.245 Thread 0x00000238bbd709b0 5609       3       sun.net.www.protocol.jar.URLJarFile::getEntry (69 bytes)
Event: 3.246 Thread 0x00000238bbd709b0 nmethod 5609 0x00000238a3d2fb10 code [0x00000238a3d2fe40, 0x00000238a3d310d8]
Event: 3.247 Thread 0x00000238b9ce3f20 5610       3       sun.reflect.annotation.AnnotationParser$1::run (40 bytes)

GC Heap History (20 events):
Event: 2.331 GC heap before
{Heap before GC invocations=13 (full 2):
 PSYoungGen      total 25600K, used 23552K [0x00000000eab00000, 0x00000000ec800000, 0x0000000100000000)
  eden space 23552K, 100% used [0x00000000eab00000,0x00000000ec200000,0x00000000ec200000)
  from space 2048K, 0% used [0x00000000ec600000,0x00000000ec600000,0x00000000ec800000)
  to   space 2048K, 0% used [0x00000000ec400000,0x00000000ec400000,0x00000000ec600000)
 ParOldGen       total 68608K, used 13192K [0x00000000c0000000, 0x00000000c4300000, 0x00000000eab00000)
  object space 68608K, 19% used [0x00000000c0000000,0x00000000c0ce2140,0x00000000c4300000)
 Metaspace       used 37533K, committed 38336K, reserved 1114112K
  class space    used 3715K, committed 4032K, reserved 1048576K
}
Event: 2.332 GC heap after
{Heap after GC invocations=13 (full 2):
 PSYoungGen      total 25088K, used 1820K [0x00000000eab00000, 0x00000000ec680000, 0x0000000100000000)
  eden space 23040K, 0% used [0x00000000eab00000,0x00000000eab00000,0x00000000ec180000)
  from space 2048K, 88% used [0x00000000ec400000,0x00000000ec5c7268,0x00000000ec600000)
  to   space 512K, 0% used [0x00000000ec600000,0x00000000ec600000,0x00000000ec680000)
 ParOldGen       total 68608K, used 13200K [0x00000000c0000000, 0x00000000c4300000, 0x00000000eab00000)
  object space 68608K, 19% used [0x00000000c0000000,0x00000000c0ce4140,0x00000000c4300000)
 Metaspace       used 37533K, committed 38336K, reserved 1114112K
  class space    used 3715K, committed 4032K, reserved 1048576K
}
Event: 2.401 GC heap before
{Heap before GC invocations=14 (full 2):
 PSYoungGen      total 25088K, used 24860K [0x00000000eab00000, 0x00000000ec680000, 0x0000000100000000)
  eden space 23040K, 100% used [0x00000000eab00000,0x00000000ec180000,0x00000000ec180000)
  from space 2048K, 88% used [0x00000000ec400000,0x00000000ec5c7268,0x00000000ec600000)
  to   space 512K, 0% used [0x00000000ec600000,0x00000000ec600000,0x00000000ec680000)
 ParOldGen       total 68608K, used 13200K [0x00000000c0000000, 0x00000000c4300000, 0x00000000eab00000)
  object space 68608K, 19% used [0x00000000c0000000,0x00000000c0ce4140,0x00000000c4300000)
 Metaspace       used 38254K, committed 39168K, reserved 1114112K
  class space    used 3786K, committed 4160K, reserved 1048576K
}
Event: 2.402 GC heap after
{Heap after GC invocations=14 (full 2):
 PSYoungGen      total 23040K, used 480K [0x00000000eab00000, 0x00000000ec900000, 0x0000000100000000)
  eden space 22528K, 0% used [0x00000000eab00000,0x00000000eab00000,0x00000000ec100000)
  from space 512K, 93% used [0x00000000ec600000,0x00000000ec678010,0x00000000ec680000)
  to   space 4096K, 0% used [0x00000000ec100000,0x00000000ec100000,0x00000000ec500000)
 ParOldGen       total 68608K, used 16443K [0x00000000c0000000, 0x00000000c4300000, 0x00000000eab00000)
  object space 68608K, 23% used [0x00000000c0000000,0x00000000c100ed58,0x00000000c4300000)
 Metaspace       used 38254K, committed 39168K, reserved 1114112K
  class space    used 3786K, committed 4160K, reserved 1048576K
}
Event: 2.443 GC heap before
{Heap before GC invocations=15 (full 2):
 PSYoungGen      total 23040K, used 23008K [0x00000000eab00000, 0x00000000ec900000, 0x0000000100000000)
  eden space 22528K, 100% used [0x00000000eab00000,0x00000000ec100000,0x00000000ec100000)
  from space 512K, 93% used [0x00000000ec600000,0x00000000ec678010,0x00000000ec680000)
  to   space 4096K, 0% used [0x00000000ec100000,0x00000000ec100000,0x00000000ec500000)
 ParOldGen       total 68608K, used 16443K [0x00000000c0000000, 0x00000000c4300000, 0x00000000eab00000)
  object space 68608K, 23% used [0x00000000c0000000,0x00000000c100ed58,0x00000000c4300000)
 Metaspace       used 38504K, committed 39360K, reserved 1114112K
  class space    used 3821K, committed 4160K, reserved 1048576K
}
Event: 2.444 GC heap after
{Heap after GC invocations=15 (full 2):
 PSYoungGen      total 24064K, used 1920K [0x00000000eab00000, 0x00000000ec680000, 0x0000000100000000)
  eden space 22016K, 0% used [0x00000000eab00000,0x00000000eab00000,0x00000000ec080000)
  from space 2048K, 93% used [0x00000000ec100000,0x00000000ec2e0000,0x00000000ec300000)
  to   space 3072K, 0% used [0x00000000ec380000,0x00000000ec380000,0x00000000ec680000)
 ParOldGen       total 68608K, used 16940K [0x00000000c0000000, 0x00000000c4300000, 0x00000000eab00000)
  object space 68608K, 24% used [0x00000000c0000000,0x00000000c108b0f0,0x00000000c4300000)
 Metaspace       used 38504K, committed 39360K, reserved 1114112K
  class space    used 3821K, committed 4160K, reserved 1048576K
}
Event: 2.490 GC heap before
{Heap before GC invocations=16 (full 2):
 PSYoungGen      total 24064K, used 23936K [0x00000000eab00000, 0x00000000ec680000, 0x0000000100000000)
  eden space 22016K, 100% used [0x00000000eab00000,0x00000000ec080000,0x00000000ec080000)
  from space 2048K, 93% used [0x00000000ec100000,0x00000000ec2e0000,0x00000000ec300000)
  to   space 3072K, 0% used [0x00000000ec380000,0x00000000ec380000,0x00000000ec680000)
 ParOldGen       total 68608K, used 16940K [0x00000000c0000000, 0x00000000c4300000, 0x00000000eab00000)
  object space 68608K, 24% used [0x00000000c0000000,0x00000000c108b0f0,0x00000000c4300000)
 Metaspace       used 38830K, committed 39616K, reserved 1114112K
  class space    used 3863K, committed 4160K, reserved 1048576K
}
Event: 2.492 GC heap after
{Heap after GC invocations=16 (full 2):
 PSYoungGen      total 25088K, used 2656K [0x00000000eab00000, 0x00000000ec680000, 0x0000000100000000)
  eden space 22016K, 0% used [0x00000000eab00000,0x00000000eab00000,0x00000000ec080000)
  from space 3072K, 86% used [0x00000000ec380000,0x00000000ec618020,0x00000000ec680000)
  to   space 3072K, 0% used [0x00000000ec080000,0x00000000ec080000,0x00000000ec380000)
 ParOldGen       total 68608K, used 18692K [0x00000000c0000000, 0x00000000c4300000, 0x00000000eab00000)
  object space 68608K, 27% used [0x00000000c0000000,0x00000000c12410f0,0x00000000c4300000)
 Metaspace       used 38830K, committed 39616K, reserved 1114112K
  class space    used 3863K, committed 4160K, reserved 1048576K
}
Event: 2.511 GC heap before
{Heap before GC invocations=17 (full 2):
 PSYoungGen      total 25088K, used 24672K [0x00000000eab00000, 0x00000000ec680000, 0x0000000100000000)
  eden space 22016K, 100% used [0x00000000eab00000,0x00000000ec080000,0x00000000ec080000)
  from space 3072K, 86% used [0x00000000ec380000,0x00000000ec618020,0x00000000ec680000)
  to   space 3072K, 0% used [0x00000000ec080000,0x00000000ec080000,0x00000000ec380000)
 ParOldGen       total 68608K, used 18692K [0x00000000c0000000, 0x00000000c4300000, 0x00000000eab00000)
  object space 68608K, 27% used [0x00000000c0000000,0x00000000c12410f0,0x00000000c4300000)
 Metaspace       used 38912K, committed 39808K, reserved 1114112K
  class space    used 3876K, committed 4224K, reserved 1048576K
}
Event: 2.513 GC heap after
{Heap after GC invocations=17 (full 2):
 PSYoungGen      total 24064K, used 1984K [0x00000000eab00000, 0x00000000ec580000, 0x0000000100000000)
  eden space 22016K, 0% used [0x00000000eab00000,0x00000000eab00000,0x00000000ec080000)
  from space 2048K, 96% used [0x00000000ec080000,0x00000000ec270000,0x00000000ec280000)
  to   space 2560K, 0% used [0x00000000ec300000,0x00000000ec300000,0x00000000ec580000)
 ParOldGen       total 68608K, used 21161K [0x00000000c0000000, 0x00000000c4300000, 0x00000000eab00000)
  object space 68608K, 30% used [0x00000000c0000000,0x00000000c14aa410,0x00000000c4300000)
 Metaspace       used 38912K, committed 39808K, reserved 1114112K
  class space    used 3876K, committed 4224K, reserved 1048576K
}
Event: 2.534 GC heap before
{Heap before GC invocations=18 (full 2):
 PSYoungGen      total 24064K, used 24000K [0x00000000eab00000, 0x00000000ec580000, 0x0000000100000000)
  eden space 22016K, 100% used [0x00000000eab00000,0x00000000ec080000,0x00000000ec080000)
  from space 2048K, 96% used [0x00000000ec080000,0x00000000ec270000,0x00000000ec280000)
  to   space 2560K, 0% used [0x00000000ec300000,0x00000000ec300000,0x00000000ec580000)
 ParOldGen       total 68608K, used 21161K [0x00000000c0000000, 0x00000000c4300000, 0x00000000eab00000)
  object space 68608K, 30% used [0x00000000c0000000,0x00000000c14aa410,0x00000000c4300000)
 Metaspace       used 39021K, committed 39872K, reserved 1114112K
  class space    used 3888K, committed 4224K, reserved 1048576K
}
Event: 2.536 GC heap after
{Heap after GC invocations=18 (full 2):
 PSYoungGen      total 24576K, used 2208K [0x00000000eab00000, 0x00000000ec580000, 0x0000000100000000)
  eden space 22016K, 0% used [0x00000000eab00000,0x00000000eab00000,0x00000000ec080000)
  from space 2560K, 86% used [0x00000000ec300000,0x00000000ec528010,0x00000000ec580000)
  to   space 2560K, 0% used [0x00000000ec080000,0x00000000ec080000,0x00000000ec300000)
 ParOldGen       total 68608K, used 22945K [0x00000000c0000000, 0x00000000c4300000, 0x00000000eab00000)
  object space 68608K, 33% used [0x00000000c0000000,0x00000000c1668410,0x00000000c4300000)
 Metaspace       used 39021K, committed 39872K, reserved 1114112K
  class space    used 3888K, committed 4224K, reserved 1048576K
}
Event: 2.598 GC heap before
{Heap before GC invocations=19 (full 2):
 PSYoungGen      total 24576K, used 24208K [0x00000000eab00000, 0x00000000ec580000, 0x0000000100000000)
  eden space 22016K, 99% used [0x00000000eab00000,0x00000000ec07c240,0x00000000ec080000)
  from space 2560K, 86% used [0x00000000ec300000,0x00000000ec528010,0x00000000ec580000)
  to   space 2560K, 0% used [0x00000000ec080000,0x00000000ec080000,0x00000000ec300000)
 ParOldGen       total 68608K, used 22945K [0x00000000c0000000, 0x00000000c4300000, 0x00000000eab00000)
  object space 68608K, 33% used [0x00000000c0000000,0x00000000c1668410,0x00000000c4300000)
 Metaspace       used 39566K, committed 40384K, reserved 1114112K
  class space    used 3953K, committed 4288K, reserved 1048576K
}
Event: 2.600 GC heap after
{Heap after GC invocations=19 (full 2):
 PSYoungGen      total 24064K, used 1627K [0x00000000eab00000, 0x00000000ec480000, 0x0000000100000000)
  eden space 22016K, 0% used [0x00000000eab00000,0x00000000eab00000,0x00000000ec080000)
  from space 2048K, 79% used [0x00000000ec080000,0x00000000ec216e08,0x00000000ec280000)
  to   space 2048K, 0% used [0x00000000ec280000,0x00000000ec280000,0x00000000ec480000)
 ParOldGen       total 68608K, used 24929K [0x00000000c0000000, 0x00000000c4300000, 0x00000000eab00000)
  object space 68608K, 36% used [0x00000000c0000000,0x00000000c1858420,0x00000000c4300000)
 Metaspace       used 39566K, committed 40384K, reserved 1114112K
  class space    used 3953K, committed 4288K, reserved 1048576K
}
Event: 2.767 GC heap before
{Heap before GC invocations=20 (full 2):
 PSYoungGen      total 24064K, used 23643K [0x00000000eab00000, 0x00000000ec480000, 0x0000000100000000)
  eden space 22016K, 100% used [0x00000000eab00000,0x00000000ec080000,0x00000000ec080000)
  from space 2048K, 79% used [0x00000000ec080000,0x00000000ec216e08,0x00000000ec280000)
  to   space 2048K, 0% used [0x00000000ec280000,0x00000000ec280000,0x00000000ec480000)
 ParOldGen       total 68608K, used 24929K [0x00000000c0000000, 0x00000000c4300000, 0x00000000eab00000)
  object space 68608K, 36% used [0x00000000c0000000,0x00000000c1858420,0x00000000c4300000)
 Metaspace       used 42651K, committed 43520K, reserved 1114112K
  class space    used 4292K, committed 4672K, reserved 1048576K
}
Event: 2.768 GC heap after
{Heap after GC invocations=20 (full 2):
 PSYoungGen      total 23040K, used 943K [0x00000000eab00000, 0x00000000ec380000, 0x0000000100000000)
  eden space 22016K, 0% used [0x00000000eab00000,0x00000000eab00000,0x00000000ec080000)
  from space 1024K, 92% used [0x00000000ec280000,0x00000000ec36bf00,0x00000000ec380000)
  to   space 1536K, 0% used [0x00000000ec080000,0x00000000ec080000,0x00000000ec200000)
 ParOldGen       total 68608K, used 26164K [0x00000000c0000000, 0x00000000c4300000, 0x00000000eab00000)
  object space 68608K, 38% used [0x00000000c0000000,0x00000000c198d100,0x00000000c4300000)
 Metaspace       used 42651K, committed 43520K, reserved 1114112K
  class space    used 4292K, committed 4672K, reserved 1048576K
}
Event: 2.964 GC heap before
{Heap before GC invocations=21 (full 2):
 PSYoungGen      total 23040K, used 22959K [0x00000000eab00000, 0x00000000ec380000, 0x0000000100000000)
  eden space 22016K, 100% used [0x00000000eab00000,0x00000000ec080000,0x00000000ec080000)
  from space 1024K, 92% used [0x00000000ec280000,0x00000000ec36bf00,0x00000000ec380000)
  to   space 1536K, 0% used [0x00000000ec080000,0x00000000ec080000,0x00000000ec200000)
 ParOldGen       total 68608K, used 26164K [0x00000000c0000000, 0x00000000c4300000, 0x00000000eab00000)
  object space 68608K, 38% used [0x00000000c0000000,0x00000000c198d100,0x00000000c4300000)
 Metaspace       used 45433K, committed 46464K, reserved 1114112K
  class space    used 4663K, committed 5120K, reserved 1048576K
}
Event: 2.966 GC heap after
{Heap after GC invocations=21 (full 2):
 PSYoungGen      total 23552K, used 768K [0x00000000eab00000, 0x00000000ec300000, 0x0000000100000000)
  eden space 22016K, 0% used [0x00000000eab00000,0x00000000eab00000,0x00000000ec080000)
  from space 1536K, 50% used [0x00000000ec080000,0x00000000ec140000,0x00000000ec200000)
  to   space 1024K, 0% used [0x00000000ec200000,0x00000000ec200000,0x00000000ec300000)
 ParOldGen       total 68608K, used 26905K [0x00000000c0000000, 0x00000000c4300000, 0x00000000eab00000)
  object space 68608K, 39% used [0x00000000c0000000,0x00000000c1a46430,0x00000000c4300000)
 Metaspace       used 45433K, committed 46464K, reserved 1114112K
  class space    used 4663K, committed 5120K, reserved 1048576K
}
Event: 3.128 GC heap before
{Heap before GC invocations=22 (full 2):
 PSYoungGen      total 23552K, used 22784K [0x00000000eab00000, 0x00000000ec300000, 0x0000000100000000)
  eden space 22016K, 100% used [0x00000000eab00000,0x00000000ec080000,0x00000000ec080000)
  from space 1536K, 50% used [0x00000000ec080000,0x00000000ec140000,0x00000000ec200000)
  to   space 1024K, 0% used [0x00000000ec200000,0x00000000ec200000,0x00000000ec300000)
 ParOldGen       total 68608K, used 26905K [0x00000000c0000000, 0x00000000c4300000, 0x00000000eab00000)
  object space 68608K, 39% used [0x00000000c0000000,0x00000000c1a46430,0x00000000c4300000)
 Metaspace       used 46533K, committed 47424K, reserved 1114112K
  class space    used 4827K, committed 5248K, reserved 1048576K
}
Event: 3.128 GC heap after
{Heap after GC invocations=22 (full 2):
 PSYoungGen      total 23040K, used 640K [0x00000000eab00000, 0x00000000ec300000, 0x0000000100000000)
  eden space 22016K, 0% used [0x00000000eab00000,0x00000000eab00000,0x00000000ec080000)
  from space 1024K, 62% used [0x00000000ec200000,0x00000000ec2a0000,0x00000000ec300000)
  to   space 1024K, 0% used [0x00000000ec100000,0x00000000ec100000,0x00000000ec200000)
 ParOldGen       total 68608K, used 27502K [0x00000000c0000000, 0x00000000c4300000, 0x00000000eab00000)
  object space 68608K, 40% used [0x00000000c0000000,0x00000000c1adb938,0x00000000c4300000)
 Metaspace       used 46533K, committed 47424K, reserved 1114112K
  class space    used 4827K, committed 5248K, reserved 1048576K
}

Dll operation events (10 events):
Event: 0.008 Loaded shared library c:\Users\ADVEITH\.vscode\extensions\redhat.java-1.24.0-win32-x64\jre\17.0.8.1-win32-x86_64\bin\java.dll
Event: 0.105 Loaded shared library c:\Users\ADVEITH\.vscode\extensions\redhat.java-1.24.0-win32-x64\jre\17.0.8.1-win32-x86_64\bin\zip.dll
Event: 0.107 Loaded shared library C:\Users\ADVEITH\.vscode\extensions\redhat.java-1.24.0-win32-x64\jre\17.0.8.1-win32-x86_64\bin\instrument.dll
Event: 0.116 Loaded shared library C:\Users\ADVEITH\.vscode\extensions\redhat.java-1.24.0-win32-x64\jre\17.0.8.1-win32-x86_64\bin\net.dll
Event: 0.117 Loaded shared library C:\Users\ADVEITH\.vscode\extensions\redhat.java-1.24.0-win32-x64\jre\17.0.8.1-win32-x86_64\bin\nio.dll
Event: 0.122 Loaded shared library C:\Users\ADVEITH\.vscode\extensions\redhat.java-1.24.0-win32-x64\jre\17.0.8.1-win32-x86_64\bin\zip.dll
Event: 0.132 Loaded shared library C:\Users\ADVEITH\.vscode\extensions\redhat.java-1.24.0-win32-x64\jre\17.0.8.1-win32-x86_64\bin\jimage.dll
Event: 0.172 Loaded shared library c:\Users\ADVEITH\.vscode\extensions\redhat.java-1.24.0-win32-x64\jre\17.0.8.1-win32-x86_64\bin\verify.dll
Event: 0.798 Loaded shared library C:\Users\ADVEITH\AppData\Roaming\Code\User\globalStorage\redhat.java\1.24.0\config_win\org.eclipse.equinox.launcher\org.eclipse.equinox.launcher.win32.win32.x86_64_1.2.700.v20221108-1024\eclipse_11801.dll
Event: 2.256 Loaded shared library C:\Users\ADVEITH\AppData\Local\Temp\jna--413469397\jna3024806431617778348.dll

Deoptimization events (20 events):
Event: 3.147 Thread 0x00000238bcd17930 DEOPT PACKING pc=0x00000238ab6598fc sp=0x00000047b60fe310
Event: 3.147 Thread 0x00000238bcd17930 DEOPT UNPACKING pc=0x00000238aadd66a3 sp=0x00000047b60fe230 mode 2
Event: 3.147 Thread 0x00000238bcd17930 Uncommon trap: trap_request=0xffffff66 fr.pc=0x00000238ab6598fc relative=0x00000000000000dc
Event: 3.147 Thread 0x00000238bcd17930 Uncommon trap: reason=speculate_class_check action=maybe_recompile pc=0x00000238ab6598fc method=java.util.regex.Pattern$CharPredicate.lambda$negate$3(I)Z @ 2 c2
Event: 3.147 Thread 0x00000238bcd17930 DEOPT PACKING pc=0x00000238ab6598fc sp=0x00000047b60fe310
Event: 3.147 Thread 0x00000238bcd17930 DEOPT UNPACKING pc=0x00000238aadd66a3 sp=0x00000047b60fe230 mode 2
Event: 3.190 Thread 0x00000238bcd16a00 Uncommon trap: trap_request=0xffffff45 fr.pc=0x00000238ab547560 relative=0x00000000000017c0
Event: 3.190 Thread 0x00000238bcd16a00 Uncommon trap: reason=unstable_if action=reinterpret pc=0x00000238ab547560 method=jdk.internal.jimage.ImageLocation.verifyName(Ljava/lang/String;Ljava/lang/String;IIIIIILjdk/internal/jimage/ImageStrings;)Z @ 2 c2
Event: 3.190 Thread 0x00000238bcd16a00 DEOPT PACKING pc=0x00000238ab547560 sp=0x00000047b5dfae00
Event: 3.190 Thread 0x00000238bcd16a00 DEOPT UNPACKING pc=0x00000238aadd66a3 sp=0x00000047b5dfacf8 mode 2
Event: 3.196 Thread 0x00000238bcd16a00 DEOPT PACKING pc=0x00000238a3da9ac5 sp=0x00000047b5dfc9b0
Event: 3.196 Thread 0x00000238bcd16a00 DEOPT UNPACKING pc=0x00000238aadd6e43 sp=0x00000047b5dfbe60 mode 0
Event: 3.204 Thread 0x00000238bcd16a00 DEOPT PACKING pc=0x00000238a3da9ac5 sp=0x00000047b5df92c0
Event: 3.204 Thread 0x00000238bcd16a00 DEOPT UNPACKING pc=0x00000238aadd6e43 sp=0x00000047b5df8770 mode 0
Event: 3.227 Thread 0x00000238bcd16a00 DEOPT PACKING pc=0x00000238a3da9ac5 sp=0x00000047b5dfc150
Event: 3.227 Thread 0x00000238bcd16a00 DEOPT UNPACKING pc=0x00000238aadd6e43 sp=0x00000047b5dfb600 mode 0
Event: 3.237 Thread 0x00000238bcd16a00 DEOPT PACKING pc=0x00000238a3da9ac5 sp=0x00000047b5dfc970
Event: 3.237 Thread 0x00000238bcd16a00 DEOPT UNPACKING pc=0x00000238aadd6e43 sp=0x00000047b5dfbe20 mode 0
Event: 3.245 Thread 0x00000238bcd16a00 DEOPT PACKING pc=0x00000238a3da9ac5 sp=0x00000047b5dfc970
Event: 3.245 Thread 0x00000238bcd16a00 DEOPT UNPACKING pc=0x00000238aadd6e43 sp=0x00000047b5dfbe20 mode 0

Classes unloaded (7 events):
Event: 2.157 Thread 0x00000238a0d6ea60 Unloading class 0x0000000100250000 'java/lang/invoke/LambdaForm$MH+0x0000000100250000'
Event: 2.157 Thread 0x00000238a0d6ea60 Unloading class 0x000000010024fc00 'java/lang/invoke/LambdaForm$MH+0x000000010024fc00'
Event: 2.157 Thread 0x00000238a0d6ea60 Unloading class 0x000000010024f800 'java/lang/invoke/LambdaForm$MH+0x000000010024f800'
Event: 2.157 Thread 0x00000238a0d6ea60 Unloading class 0x000000010024f400 'java/lang/invoke/LambdaForm$MH+0x000000010024f400'
Event: 2.157 Thread 0x00000238a0d6ea60 Unloading class 0x000000010024f000 'java/lang/invoke/LambdaForm$BMH+0x000000010024f000'
Event: 2.157 Thread 0x00000238a0d6ea60 Unloading class 0x000000010024ec00 'java/lang/invoke/LambdaForm$DMH+0x000000010024ec00'
Event: 2.157 Thread 0x00000238a0d6ea60 Unloading class 0x000000010024c000 'java/lang/invoke/LambdaForm$DMH+0x000000010024c000'

Classes redefined (0 events):
No events

Internal exceptions (20 events):
Event: 2.798 Thread 0x00000238bcd17930 Exception <a 'java/lang/NoSuchMethodError'{0x00000000eadeee88}: 'java.lang.Object java.lang.invoke.DirectMethodHandle$Holder.invokeSpecialIFC(java.lang.Object, java.lang.Object, java.lang.Object, java.lang.Object)'> (0x00000000eadeee88) 
thrown [s\src\hotspot\share\interpreter\linkResolver.cpp, line 759]
Event: 2.833 Thread 0x00000238bcd16a00 Exception <a 'sun/nio/fs/WindowsException'{0x00000000eafc8900}> (0x00000000eafc8900) 
thrown [s\src\hotspot\share\prims\jni.cpp, line 516]
Event: 2.836 Thread 0x00000238bcd16a00 Exception <a 'sun/nio/fs/WindowsException'{0x00000000eafd7b18}> (0x00000000eafd7b18) 
thrown [s\src\hotspot\share\prims\jni.cpp, line 516]
Event: 2.839 Thread 0x00000238bcd16a00 Exception <a 'sun/nio/fs/WindowsException'{0x00000000eb1ccda0}> (0x00000000eb1ccda0) 
thrown [s\src\hotspot\share\prims\jni.cpp, line 516]
Event: 2.844 Thread 0x00000238bcd16a00 Exception <a 'sun/nio/fs/WindowsException'{0x00000000eb285ca8}> (0x00000000eb285ca8) 
thrown [s\src\hotspot\share\prims\jni.cpp, line 516]
Event: 2.845 Thread 0x00000238bcd16a00 Exception <a 'sun/nio/fs/WindowsException'{0x00000000eb28a868}> (0x00000000eb28a868) 
thrown [s\src\hotspot\share\prims\jni.cpp, line 516]
Event: 2.853 Thread 0x00000238bcd16a00 Exception <a 'sun/nio/fs/WindowsException'{0x00000000eb2ade20}> (0x00000000eb2ade20) 
thrown [s\src\hotspot\share\prims\jni.cpp, line 516]
Event: 2.854 Thread 0x00000238bcd16a00 Exception <a 'sun/nio/fs/WindowsException'{0x00000000eb2b2fb0}> (0x00000000eb2b2fb0) 
thrown [s\src\hotspot\share\prims\jni.cpp, line 516]
Event: 2.856 Thread 0x00000238bcd16a00 Exception <a 'sun/nio/fs/WindowsException'{0x00000000eb2b73e0}> (0x00000000eb2b73e0) 
thrown [s\src\hotspot\share\prims\jni.cpp, line 516]
Event: 2.860 Thread 0x00000238bcd16a00 Exception <a 'sun/nio/fs/WindowsException'{0x00000000eb2cb7f8}> (0x00000000eb2cb7f8) 
thrown [s\src\hotspot\share\prims\jni.cpp, line 516]
Event: 2.862 Thread 0x00000238bcd16a00 Exception <a 'sun/nio/fs/WindowsException'{0x00000000eb2d0648}> (0x00000000eb2d0648) 
thrown [s\src\hotspot\share\prims\jni.cpp, line 516]
Event: 2.863 Thread 0x00000238bcd16a00 Exception <a 'sun/nio/fs/WindowsException'{0x00000000eb4ed3f0}> (0x00000000eb4ed3f0) 
thrown [s\src\hotspot\share\prims\jni.cpp, line 516]
Event: 2.879 Thread 0x00000238bcd16a00 Exception <a 'sun/nio/fs/WindowsException'{0x00000000eb501778}> (0x00000000eb501778) 
thrown [s\src\hotspot\share\prims\jni.cpp, line 516]
Event: 2.880 Thread 0x00000238bcd16a00 Exception <a 'sun/nio/fs/WindowsException'{0x00000000eb5065c8}> (0x00000000eb5065c8) 
thrown [s\src\hotspot\share\prims\jni.cpp, line 516]
Event: 2.881 Thread 0x00000238bcd16a00 Exception <a 'sun/nio/fs/WindowsException'{0x00000000eb50a9f8}> (0x00000000eb50a9f8) 
thrown [s\src\hotspot\share\prims\jni.cpp, line 516]
Event: 2.897 Thread 0x00000238bcd16a00 Exception <a 'sun/nio/fs/WindowsException'{0x00000000eb51e970}> (0x00000000eb51e970) 
thrown [s\src\hotspot\share\prims\jni.cpp, line 516]
Event: 2.898 Thread 0x00000238bcd16a00 Exception <a 'sun/nio/fs/WindowsException'{0x00000000eb523570}> (0x00000000eb523570) 
thrown [s\src\hotspot\share\prims\jni.cpp, line 516]
Event: 2.900 Thread 0x00000238bcd16a00 Exception <a 'sun/nio/fs/WindowsException'{0x00000000eb527750}> (0x00000000eb527750) 
thrown [s\src\hotspot\share\prims\jni.cpp, line 516]
Event: 2.923 Thread 0x00000238bcd17930 Exception <a 'java/lang/NoSuchMethodError'{0x00000000ebc31810}: 'int java.lang.invoke.DirectMethodHandle$Holder.invokeSpecialIFC(java.lang.Object, java.lang.Object, java.lang.Object, java.lang.Object, java.lang.Object)'> (0x00000000ebc31810) 
thrown [s\src\hotspot\share\interpreter\linkResolver.cpp, line 759]
Event: 3.044 Thread 0x00000238bcd17930 Exception <a 'java/lang/NoClassDefFoundError'{0x00000000eb1b6a18}: javax/enterprise/inject/Typed> (0x00000000eb1b6a18) 
thrown [s\src\hotspot\share\classfile\systemDictionary.cpp, line 245]

VM Operations (20 events):
Event: 2.739 Executing VM operation: HandshakeAllThreads
Event: 2.739 Executing VM operation: HandshakeAllThreads done
Event: 2.759 Executing VM operation: HandshakeAllThreads
Event: 2.760 Executing VM operation: HandshakeAllThreads done
Event: 2.764 Executing VM operation: ParallelGCFailedAllocation
Event: 2.768 Executing VM operation: ParallelGCFailedAllocation done
Event: 2.811 Executing VM operation: HandshakeAllThreads
Event: 2.811 Executing VM operation: HandshakeAllThreads done
Event: 2.919 Executing VM operation: HandshakeAllThreads
Event: 2.920 Executing VM operation: HandshakeAllThreads done
Event: 2.945 Executing VM operation: HandshakeAllThreads
Event: 2.945 Executing VM operation: HandshakeAllThreads done
Event: 2.963 Executing VM operation: HandshakeAllThreads
Event: 2.963 Executing VM operation: HandshakeAllThreads done
Event: 2.964 Executing VM operation: ParallelGCFailedAllocation
Event: 2.966 Executing VM operation: ParallelGCFailedAllocation done
Event: 3.027 Executing VM operation: HandshakeAllThreads
Event: 3.027 Executing VM operation: HandshakeAllThreads done
Event: 3.127 Executing VM operation: ParallelGCFailedAllocation
Event: 3.129 Executing VM operation: ParallelGCFailedAllocation done

Events (20 events):
Event: 2.975 Thread 0x00000238b9cd0200 flushing nmethod 0x00000238a42dea10
Event: 2.975 Thread 0x00000238b9cd0200 flushing nmethod 0x00000238a42dfd90
Event: 2.975 Thread 0x00000238b9cd0200 flushing nmethod 0x00000238a42e0c10
Event: 2.975 Thread 0x00000238b9cd0200 flushing nmethod 0x00000238a42e4110
Event: 2.975 Thread 0x00000238b9cd0200 flushing nmethod 0x00000238a42f1090
Event: 2.975 Thread 0x00000238b9cd0200 flushing nmethod 0x00000238a42f3b10
Event: 2.975 Thread 0x00000238b9cd0200 flushing nmethod 0x00000238a4301710
Event: 2.975 Thread 0x00000238b9cd0200 flushing nmethod 0x00000238a4306090
Event: 2.975 Thread 0x00000238b9cd0200 flushing nmethod 0x00000238a4375090
Event: 2.975 Thread 0x00000238b9cd0200 flushing nmethod 0x00000238a43c3910
Event: 3.030 loading class java/lang/Short$ShortCache
Event: 3.030 loading class java/lang/Short$ShortCache done
Event: 3.034 loading class java/lang/Character$UnicodeBlock
Event: 3.035 loading class java/lang/Character$Subset
Event: 3.035 loading class java/lang/Character$Subset done
Event: 3.035 loading class java/lang/Character$UnicodeBlock done
Event: 3.044 loading class java/lang/annotation/IncompleteAnnotationException
Event: 3.044 loading class java/lang/annotation/IncompleteAnnotationException done
Event: 3.170 loading class java/util/Vector$1
Event: 3.170 loading class java/util/Vector$1 done


Dynamic libraries:
0x00007ff6b2100000 - 0x00007ff6b210e000 	c:\Users\ADVEITH\.vscode\extensions\redhat.java-1.24.0-win32-x64\jre\17.0.8.1-win32-x86_64\bin\java.exe
0x00007ffcea930000 - 0x00007ffceab47000 	C:\WINDOWS\SYSTEM32\ntdll.dll
0x00007ffcea120000 - 0x00007ffcea1e4000 	C:\WINDOWS\System32\KERNEL32.DLL
0x00007ffce8060000 - 0x00007ffce8406000 	C:\WINDOWS\System32\KERNELBASE.dll
0x00007ffce8440000 - 0x00007ffce8551000 	C:\WINDOWS\System32\ucrtbase.dll
0x00007ffcddea0000 - 0x00007ffcddeb7000 	c:\Users\ADVEITH\.vscode\extensions\redhat.java-1.24.0-win32-x64\jre\17.0.8.1-win32-x86_64\bin\jli.dll
0x00007ffcde570000 - 0x00007ffcde589000 	c:\Users\ADVEITH\.vscode\extensions\redhat.java-1.24.0-win32-x64\jre\17.0.8.1-win32-x86_64\bin\VCRUNTIME140.dll
0x00007ffce9f10000 - 0x00007ffcea0bd000 	C:\WINDOWS\System32\USER32.dll
0x00007ffce8410000 - 0x00007ffce8436000 	C:\WINDOWS\System32\win32u.dll
0x00007ffcd1280000 - 0x00007ffcd1513000 	C:\WINDOWS\WinSxS\amd64_microsoft.windows.common-controls_6595b64144ccf1df_6.0.22621.2361_none_2712ced57382f843\COMCTL32.dll
0x00007ffcea7f0000 - 0x00007ffcea819000 	C:\WINDOWS\System32\GDI32.dll
0x00007ffcea580000 - 0x00007ffcea627000 	C:\WINDOWS\System32\msvcrt.dll
0x00007ffce7f40000 - 0x00007ffce8058000 	C:\WINDOWS\System32\gdi32full.dll
0x00007ffce7cb0000 - 0x00007ffce7d4a000 	C:\WINDOWS\System32\msvcp_win.dll
0x00007ffce8880000 - 0x00007ffce88b1000 	C:\WINDOWS\System32\IMM32.DLL
0x00007ffcdddd0000 - 0x00007ffcddddc000 	c:\Users\ADVEITH\.vscode\extensions\redhat.java-1.24.0-win32-x64\jre\17.0.8.1-win32-x86_64\bin\vcruntime140_1.dll
0x00007ffcdc390000 - 0x00007ffcdc421000 	c:\Users\ADVEITH\.vscode\extensions\redhat.java-1.24.0-win32-x64\jre\17.0.8.1-win32-x86_64\bin\msvcp140.dll
0x00007ffca6b50000 - 0x00007ffca779c000 	c:\Users\ADVEITH\.vscode\extensions\redhat.java-1.24.0-win32-x64\jre\17.0.8.1-win32-x86_64\bin\server\jvm.dll
0x00007ffce9de0000 - 0x00007ffce9e90000 	C:\WINDOWS\System32\ADVAPI32.dll
0x00007ffce8690000 - 0x00007ffce8736000 	C:\WINDOWS\System32\sechost.dll
0x00007ffcea1f0000 - 0x00007ffcea307000 	C:\WINDOWS\System32\RPCRT4.dll
0x00007ffce7900000 - 0x00007ffce794d000 	C:\WINDOWS\SYSTEM32\POWRPROF.dll
0x00007ffcdd320000 - 0x00007ffcdd329000 	C:\WINDOWS\SYSTEM32\WSOCK32.dll
0x00007ffcde480000 - 0x00007ffcde4b4000 	C:\WINDOWS\SYSTEM32\WINMM.dll
0x00007ffce9e90000 - 0x00007ffce9f01000 	C:\WINDOWS\System32\WS2_32.dll
0x00007ffcdf690000 - 0x00007ffcdf69a000 	C:\WINDOWS\SYSTEM32\VERSION.dll
0x00007ffce78e0000 - 0x00007ffce78f3000 	C:\WINDOWS\SYSTEM32\UMPDC.dll
0x00007ffce6cc0000 - 0x00007ffce6cd8000 	C:\WINDOWS\SYSTEM32\kernel.appcore.dll
0x00007ffcdc5d0000 - 0x00007ffcdc5da000 	c:\Users\ADVEITH\.vscode\extensions\redhat.java-1.24.0-win32-x64\jre\17.0.8.1-win32-x86_64\bin\jimage.dll
0x00007ffce4fc0000 - 0x00007ffce51ee000 	C:\WINDOWS\SYSTEM32\DBGHELP.DLL
0x00007ffce97b0000 - 0x00007ffce9b3a000 	C:\WINDOWS\System32\combase.dll
0x00007ffcea430000 - 0x00007ffcea507000 	C:\WINDOWS\System32\OLEAUT32.dll
0x00007ffcde400000 - 0x00007ffcde432000 	C:\WINDOWS\SYSTEM32\dbgcore.DLL
0x00007ffce7ec0000 - 0x00007ffce7f3a000 	C:\WINDOWS\System32\bcryptPrimitives.dll
0x00007ffcdc5c0000 - 0x00007ffcdc5ce000 	c:\Users\ADVEITH\.vscode\extensions\redhat.java-1.24.0-win32-x64\jre\17.0.8.1-win32-x86_64\bin\instrument.dll
0x00007ffcdc4b0000 - 0x00007ffcdc4d5000 	c:\Users\ADVEITH\.vscode\extensions\redhat.java-1.24.0-win32-x64\jre\17.0.8.1-win32-x86_64\bin\java.dll
0x00007ffcdc5a0000 - 0x00007ffcdc5b8000 	c:\Users\ADVEITH\.vscode\extensions\redhat.java-1.24.0-win32-x64\jre\17.0.8.1-win32-x86_64\bin\zip.dll
0x00007ffce8f50000 - 0x00007ffce97a8000 	C:\WINDOWS\System32\SHELL32.dll
0x00007ffce5bc0000 - 0x00007ffce64b2000 	C:\WINDOWS\SYSTEM32\windows.storage.dll
0x00007ffce5a80000 - 0x00007ffce5bbe000 	C:\WINDOWS\SYSTEM32\wintypes.dll
0x00007ffce8750000 - 0x00007ffce8843000 	C:\WINDOWS\System32\SHCORE.dll
0x00007ffcea0c0000 - 0x00007ffcea11e000 	C:\WINDOWS\System32\shlwapi.dll
0x00007ffce7be0000 - 0x00007ffce7c06000 	C:\WINDOWS\SYSTEM32\profapi.dll
0x00007ffcdc490000 - 0x00007ffcdc4a9000 	C:\Users\ADVEITH\.vscode\extensions\redhat.java-1.24.0-win32-x64\jre\17.0.8.1-win32-x86_64\bin\net.dll
0x00007ffce1720000 - 0x00007ffce1857000 	C:\WINDOWS\SYSTEM32\WINHTTP.dll
0x00007ffce7170000 - 0x00007ffce71d9000 	C:\WINDOWS\system32\mswsock.dll
0x00007ffcdc370000 - 0x00007ffcdc385000 	C:\Users\ADVEITH\.vscode\extensions\redhat.java-1.24.0-win32-x64\jre\17.0.8.1-win32-x86_64\bin\nio.dll
0x00007ffcdc480000 - 0x00007ffcdc490000 	c:\Users\ADVEITH\.vscode\extensions\redhat.java-1.24.0-win32-x64\jre\17.0.8.1-win32-x86_64\bin\verify.dll
0x00007ffcd9160000 - 0x00007ffcd919e000 	C:\Users\ADVEITH\AppData\Roaming\Code\User\globalStorage\redhat.java\1.24.0\config_win\org.eclipse.equinox.launcher\org.eclipse.equinox.launcher.win32.win32.x86_64_1.2.700.v20221108-1024\eclipse_11801.dll
0x00007ffce9c40000 - 0x00007ffce9ddf000 	C:\WINDOWS\System32\ole32.dll
0x00007ffce7430000 - 0x00007ffce744b000 	C:\WINDOWS\SYSTEM32\CRYPTSP.dll
0x00007ffce6c20000 - 0x00007ffce6c55000 	C:\WINDOWS\system32\rsaenh.dll
0x00007ffce72d0000 - 0x00007ffce72fc000 	C:\WINDOWS\SYSTEM32\USERENV.dll
0x00007ffce75d0000 - 0x00007ffce75f8000 	C:\WINDOWS\SYSTEM32\bcrypt.dll
0x00007ffce75c0000 - 0x00007ffce75cc000 	C:\WINDOWS\SYSTEM32\CRYPTBASE.dll
0x00007ffce6720000 - 0x00007ffce674d000 	C:\WINDOWS\SYSTEM32\IPHLPAPI.DLL
0x00007ffce8870000 - 0x00007ffce8879000 	C:\WINDOWS\System32\NSI.dll
0x00007ffce1400000 - 0x00007ffce1419000 	C:\WINDOWS\SYSTEM32\dhcpcsvc6.DLL
0x00007ffce13e0000 - 0x00007ffce13ff000 	C:\WINDOWS\SYSTEM32\dhcpcsvc.DLL
0x00007ffce6750000 - 0x00007ffce6849000 	C:\WINDOWS\SYSTEM32\DNSAPI.dll
0x00007ffcd9080000 - 0x00007ffcd90c5000 	C:\Users\ADVEITH\AppData\Local\Temp\jna--413469397\jna3024806431617778348.dll
0x00007ffcea370000 - 0x00007ffcea378000 	C:\WINDOWS\System32\PSAPI.DLL

dbghelp: loaded successfully - version: 4.0.5 - missing functions: none
symbol engine: initialized successfully - sym options: 0x614 - pdb path: .;c:\Users\ADVEITH\.vscode\extensions\redhat.java-1.24.0-win32-x64\jre\17.0.8.1-win32-x86_64\bin;C:\WINDOWS\SYSTEM32;C:\WINDOWS\WinSxS\amd64_microsoft.windows.common-controls_6595b64144ccf1df_6.0.22621.2361_none_2712ced57382f843;c:\Users\ADVEITH\.vscode\extensions\redhat.java-1.24.0-win32-x64\jre\17.0.8.1-win32-x86_64\bin\server;C:\Users\ADVEITH\AppData\Roaming\Code\User\globalStorage\redhat.java\1.24.0\config_win\org.eclipse.equinox.launcher\org.eclipse.equinox.launcher.win32.win32.x86_64_1.2.700.v20221108-1024;C:\Users\ADVEITH\AppData\Local\Temp\jna--413469397

VM Arguments:
jvm_args: --add-modules=ALL-SYSTEM --add-opens=java.base/java.util=ALL-UNNAMED --add-opens=java.base/java.lang=ALL-UNNAMED --add-opens=java.base/sun.nio.fs=ALL-UNNAMED -Declipse.application=org.eclipse.jdt.ls.core.id1 -Dosgi.bundles.defaultStartLevel=4 -Declipse.product=org.eclipse.jdt.ls.core.product -Djava.import.generatesMetadataFilesAtProjectRoot=false -DDetectVMInstallationsJob.disabled=true -Dfile.encoding=utf8 -XX:+UseParallelGC -XX:GCTimeRatio=4 -XX:AdaptiveSizePolicyWeight=90 -Dsun.zip.disableMemoryMapping=true -Xmx1G -Xms100m -Xlog:disable -javaagent:c:\Users\ADVEITH\.vscode\extensions\redhat.java-1.24.0-win32-x64\lombok\lombok-1.18.30.jar -XX:+HeapDumpOnOutOfMemoryError -XX:HeapDumpPath=c:\Users\ADVEITH\AppData\Roaming\Code\User\workspaceStorage\6dae5ad21af734e7ff3eb957abd9b25d\redhat.java -Daether.dependencyCollector.impl=bf 
java_command: c:\Users\ADVEITH\.vscode\extensions\redhat.java-1.24.0-win32-x64\server\plugins\org.eclipse.equinox.launcher_1.6.500.v20230717-2134.jar -configuration c:\Users\ADVEITH\AppData\Roaming\Code\User\globalStorage\redhat.java\1.24.0\config_win -data c:\Users\ADVEITH\AppData\Roaming\Code\User\workspaceStorage\6dae5ad21af734e7ff3eb957abd9b25d\redhat.java\jdt_ws --stdio
java_class_path (initial): c:\Users\ADVEITH\.vscode\extensions\redhat.java-1.24.0-win32-x64\server\plugins\org.eclipse.equinox.launcher_1.6.500.v20230717-2134.jar
Launcher Type: SUN_STANDARD

[Global flags]
    uintx AdaptiveSizePolicyWeight                 = 90                                        {product} {command line}
     intx CICompilerCount                          = 12                                        {product} {ergonomic}
    uintx GCTimeRatio                              = 4                                         {product} {command line}
     bool HeapDumpOnOutOfMemoryError               = true                                   {manageable} {command line}
    ccstr HeapDumpPath                             = c:\Users\ADVEITH\AppData\Roaming\Code\User\workspaceStorage\6dae5ad21af734e7ff3eb957abd9b25d\redhat.java         {manageable} {command line}
   size_t InitialHeapSize                          = 104857600                                 {product} {command line}
   size_t MaxHeapSize                              = 1073741824                                {product} {command line}
   size_t MaxNewSize                               = 357564416                                 {product} {ergonomic}
   size_t MinHeapDeltaBytes                        = 524288                                    {product} {ergonomic}
   size_t MinHeapSize                              = 104857600                                 {product} {command line}
   size_t NewSize                                  = 34603008                                  {product} {ergonomic}
    uintx NonNMethodCodeHeapSize                   = 7602480                                {pd product} {ergonomic}
    uintx NonProfiledCodeHeapSize                  = 122027880                              {pd product} {ergonomic}
   size_t OldSize                                  = 70254592                                  {product} {ergonomic}
    uintx ProfiledCodeHeapSize                     = 122027880                              {pd product} {ergonomic}
    uintx ReservedCodeCacheSize                    = 251658240                              {pd product} {ergonomic}
     bool SegmentedCodeCache                       = true                                      {product} {ergonomic}
   size_t SoftMaxHeapSize                          = 1073741824                             {manageable} {ergonomic}
     bool UseCompressedClassPointers               = true                           {product lp64_product} {ergonomic}
     bool UseCompressedOops                        = true                           {product lp64_product} {ergonomic}
     bool UseLargePagesIndividualAllocation        = false                                  {pd product} {ergonomic}
     bool UseParallelGC                            = true                                      {product} {command line}

Logging:
Log output configuration:
 #0: stdout all=off uptime,level,tags
 #1: stderr all=off uptime,level,tags

Environment Variables:
PATH=C:\Program Files\Java\jdk-21\bin;C:\ProgramData\Oracle\Java\javapath;C:\Windows\system32;C:\Windows;C:\Windows\System32\Wbem;C:\Windows\System32\WindowsPowerShell\v1.0\;C:\Windows\System32\OpenSSH\;C:\Program Files (x86)\NVIDIA Corporation\PhysX\Common;C:\Program Files\NVIDIA Corporation\NVIDIA NvDLISR;C:\Program Files\dotnet\;C:\MinGW\bin;C:\WINDOWS\system32;C:\WINDOWS;C:\WINDOWS\System32\Wbem;C:\WINDOWS\System32\WindowsPowerShell\v1.0\;C:\WINDOWS\System32\OpenSSH\;C:\Program Files\Git\cmd;C:\Program Files\Git\mingw64\bin;C:\Program Files\Git\usr\bin;C:\Program Files\Java\jdk-21\bin;C:\Users\ADVEITH\AppData\Local\Microsoft\WindowsApps;C:\MinGW\bin;C:\Users\ADVEITH\AppData\Local\Programs\Microsoft VS Code\bin;
USERNAME=ADVEITH
OS=Windows_NT
PROCESSOR_IDENTIFIER=AMD64 Family 25 Model 68 Stepping 1, AuthenticAMD
TMP=C:\Users\ADVEITH\AppData\Local\Temp
TEMP=C:\Users\ADVEITH\AppData\Local\Temp



---------------  S Y S T E M  ---------------

OS:
 Windows 11 , 64 bit Build 22621 (10.0.22621.2428)
OS uptime: 0 days 0:52 hours
Hyper-V role detected

CPU: total 16 (initial active 16) (16 cores per cpu, 2 threads per core) family 25 model 68 stepping 1 microcode 0x0, cx8, cmov, fxsr, ht, mmx, 3dnowpref, sse, sse2, sse3, ssse3, sse4a, sse4.1, sse4.2, popcnt, lzcnt, tsc, tscinvbit, avx, avx2, aes, erms, clmul, bmi1, bmi2, adx, sha, fma, vzeroupper, clflush, clflushopt, hv
Processor Information for all 16 processors :
  Max Mhz: 3201, Current Mhz: 3201, Mhz Limit: 3201

Memory: 4k page, system-wide physical 15628M (5127M free)
TotalPageFile size 15628M (AvailPageFile size 6M)
current process WorkingSet (physical memory assigned to process): 274M, peak: 277M
current process commit charge ("private bytes"): 376M, peak: 378M

vm_info: OpenJDK 64-Bit Server VM (17.0.8.1+1) for windows-amd64 JRE (17.0.8.1+1), built on Aug 23 2023 15:29:17 by "admin" with MS VC++ 16.7 (VS2019)

END.
